<?xml version="1.0" encoding="UTF-8"?>
<testsuite name="ru.stqa.java_course.addressbook.tests.GroupModificationTests" tests="1" skipped="0" failures="0" errors="0" timestamp="2023-01-23T17:54:53" hostname="HP_V" time="2.961">
  <properties/>
  <testcase name="testGroupModification" classname="ru.stqa.java_course.addressbook.tests.GroupModificationTests" time="2.961"/>
  <system-out><![CDATA[]]></system-out>
  <system-err><![CDATA[Starting ChromeDriver 109.0.5414.74 (e7c5703604daa9cc128ccf5a5d3e993513758913-refs/branch-heads/5414@{#1172}) on port 41144
Only local connections are allowed.
Please see https://chromedriver.chromium.org/security-considerations for suggestions on keeping ChromeDriver safe.
ChromeDriver was started successfully.
янв. 23, 2023 8:54:54 PM org.openqa.selenium.devtools.CdpVersionFinder findNearestMatch
WARNING: Unable to find an exact match for CDP version 109, so returning the closest version found: 108
]]></system-err>
</testsuite>
