<?xml version="1.0" encoding="UTF-8"?>
<testsuite name="ru.stqa.java_course.addressbook.tests.GroupCreationTests" tests="1" skipped="0" failures="0" errors="0" timestamp="2023-01-23T17:31:48" hostname="HP_V" time="3.363">
  <properties/>
  <testcase name="testgroupCreation" classname="ru.stqa.java_course.addressbook.tests.GroupCreationTests" time="3.363"/>
  <system-out><![CDATA[]]></system-out>
  <system-err><![CDATA[Starting ChromeDriver 109.0.5414.74 (e7c5703604daa9cc128ccf5a5d3e993513758913-refs/branch-heads/5414@{#1172}) on port 35774
Only local connections are allowed.
Please see https://chromedriver.chromium.org/security-considerations for suggestions on keeping ChromeDriver safe.
ChromeDriver was started successfully.
янв. 23, 2023 8:31:50 PM org.openqa.selenium.devtools.CdpVersionFinder findNearestMatch
WARNING: Unable to find an exact match for CDP version 109, so returning the closest version found: 108
]]></system-err>
</testsuite>
